20:26:19.067 [main] DEBUG i.g.bonigarcia.wdm.WebDriverManager - Using WebDriverManager 5.7.0
20:26:19.303 [main] DEBUG i.g.b.wdm.cache.ResolutionCache - Removing resolution chrome=128 from cache (expired on Sat Aug 31 12:35:57 AEST 2024)
20:26:19.314 [main] DEBUG o.a.h.c.h.i.c.InternalHttpClient - ex-0000000001 preparing request execution
20:26:19.320 [main] DEBUG o.a.h.c.h.impl.classic.ProtocolExec - ex-0000000001 target auth state: UNCHALLENGED
20:26:19.320 [main] DEBUG o.a.h.c.h.impl.classic.ProtocolExec - ex-0000000001 proxy auth state: UNCHALLENGED
20:26:19.320 [main] DEBUG o.a.h.c.h.impl.classic.ConnectExec - ex-0000000001 acquiring connection with route {s}->https://raw.githubusercontent.com:443
20:26:19.320 [main] DEBUG o.a.h.c.h.i.c.InternalHttpClient - ex-0000000001 acquiring endpoint (3 MINUTES)
20:26:19.321 [main] DEBUG o.a.h.c.h.i.i.PoolingHttpClientConnectionManager - ex-0000000001 endpoint lease request (3 MINUTES) [route: {s}->https://raw.githubusercontent.com:443][total available: 0; route allocated: 0 of 5; total allocated: 0 of 25]
20:26:19.323 [main] DEBUG o.a.h.c.h.i.i.PoolingHttpClientConnectionManager - ex-0000000001 endpoint leased [route: {s}->https://raw.githubusercontent.com:443][total available: 0; route allocated: 1 of 5; total allocated: 1 of 25]
20:26:19.328 [main] DEBUG o.a.h.c.h.i.i.PoolingHttpClientConnectionManager - ex-0000000001 acquired ep-0000000001
20:26:19.328 [main] DEBUG o.a.h.c.h.i.c.InternalHttpClient - ex-0000000001 acquired endpoint ep-0000000001
20:26:19.328 [main] DEBUG o.a.h.c.h.impl.classic.ConnectExec - ex-0000000001 opening connection {s}->https://raw.githubusercontent.com:443
20:26:19.328 [main] DEBUG o.a.h.c.h.i.c.InternalHttpClient - ep-0000000001 connecting endpoint (null)
20:26:19.329 [main] DEBUG o.a.h.c.h.i.i.PoolingHttpClientConnectionManager - ep-0000000001 connecting endpoint to https://raw.githubusercontent.com:443 (30 SECONDS)
20:26:19.329 [main] DEBUG o.a.h.c.h.i.i.DefaultHttpClientConnectionOperator - raw.githubusercontent.com resolving remote address
20:26:19.362 [main] DEBUG o.a.h.c.h.i.i.DefaultHttpClientConnectionOperator - raw.githubusercontent.com resolved to [raw.githubusercontent.com/185.199.109.133, raw.githubusercontent.com/185.199.108.133, raw.githubusercontent.com/185.199.110.133, raw.githubusercontent.com/185.199.111.133, raw.githubusercontent.com/2606:50c0:8001:0:0:0:0:154, raw.githubusercontent.com/2606:50c0:8003:0:0:0:0:154, raw.githubusercontent.com/2606:50c0:8002:0:0:0:0:154, raw.githubusercontent.com/2606:50c0:8000:0:0:0:0:154]
20:26:19.363 [main] DEBUG o.a.h.c.h.i.i.DefaultHttpClientConnectionOperator - raw.githubusercontent.com:443 connecting null->raw.githubusercontent.com/185.199.109.133:443 (30 SECONDS)
20:26:19.363 [main] DEBUG o.a.h.c.h.s.SSLConnectionSocketFactory - Connecting socket to raw.githubusercontent.com/185.199.109.133:443 with timeout 30 SECONDS
20:26:19.408 [main] DEBUG o.a.h.c.h.s.SSLConnectionSocketFactory - Enabled protocols: [TLSv1.3, TLSv1.2]
20:26:19.409 [main] DEBUG o.a.h.c.h.s.SSLConnectionSocketFactory - Enabled cipher suites: [TLS_AES_256_GCM_SHA384, TLS_AES_128_GCM_SHA256, TLS_CHACHA20_POLY1305_SHA256, TLS_ECDHE_ECDSA_WITH_AES_256_GCM_SHA384, TLS_ECDHE_ECDSA_WITH_AES_128_GCM_SHA256, TLS_ECDHE_ECDSA_WITH_CHACHA20_POLY1305_SHA256, TLS_ECDHE_RSA_WITH_AES_256_GCM_SHA384, TLS_ECDHE_RSA_WITH_CHACHA20_POLY1305_SHA256, TLS_ECDHE_RSA_WITH_AES_128_GCM_SHA256, TLS_DHE_RSA_WITH_AES_256_GCM_SHA384, TLS_DHE_RSA_WITH_CHACHA20_POLY1305_SHA256, TLS_DHE_DSS_WITH_AES_256_GCM_SHA384, TLS_DHE_RSA_WITH_AES_128_GCM_SHA256, TLS_DHE_DSS_WITH_AES_128_GCM_SHA256, TLS_ECDHE_ECDSA_WITH_AES_256_CBC_SHA384, TLS_ECDHE_RSA_WITH_AES_256_CBC_SHA384, TLS_ECDHE_ECDSA_WITH_AES_128_CBC_SHA256, TLS_ECDHE_RSA_WITH_AES_128_CBC_SHA256, TLS_DHE_RSA_WITH_AES_256_CBC_SHA256, TLS_DHE_DSS_WITH_AES_256_CBC_SHA256, TLS_DHE_RSA_WITH_AES_128_CBC_SHA256, TLS_DHE_DSS_WITH_AES_128_CBC_SHA256, TLS_ECDHE_ECDSA_WITH_AES_256_CBC_SHA, TLS_ECDHE_RSA_WITH_AES_256_CBC_SHA, TLS_ECDHE_ECDSA_WITH_AES_128_CBC_SHA, TLS_ECDHE_RSA_WITH_AES_128_CBC_SHA, TLS_DHE_RSA_WITH_AES_256_CBC_SHA, TLS_DHE_DSS_WITH_AES_256_CBC_SHA, TLS_DHE_RSA_WITH_AES_128_CBC_SHA, TLS_DHE_DSS_WITH_AES_128_CBC_SHA, TLS_RSA_WITH_AES_256_GCM_SHA384, TLS_RSA_WITH_AES_128_GCM_SHA256, TLS_RSA_WITH_AES_256_CBC_SHA256, TLS_RSA_WITH_AES_128_CBC_SHA256, TLS_RSA_WITH_AES_256_CBC_SHA, TLS_RSA_WITH_AES_128_CBC_SHA, TLS_EMPTY_RENEGOTIATION_INFO_SCSV]
20:26:19.409 [main] DEBUG o.a.h.c.h.s.SSLConnectionSocketFactory - Starting handshake (null)
20:26:19.522 [main] DEBUG o.a.h.c.h.s.SSLConnectionSocketFactory - Secure session established
20:26:19.522 [main] DEBUG o.a.h.c.h.s.SSLConnectionSocketFactory -  negotiated protocol: TLSv1.3
20:26:19.522 [main] DEBUG o.a.h.c.h.s.SSLConnectionSocketFactory -  negotiated cipher suite: TLS_AES_128_GCM_SHA256
20:26:19.523 [main] DEBUG o.a.h.c.h.s.SSLConnectionSocketFactory -  peer principal: CN=*.github.io, O="GitHub, Inc.", L=San Francisco, ST=California, C=US
20:26:19.525 [main] DEBUG o.a.h.c.h.s.SSLConnectionSocketFactory -  peer alternative names: [*.github.io, github.io, githubusercontent.com, www.github.com, *.github.com, *.githubusercontent.com, github.com]
20:26:19.525 [main] DEBUG o.a.h.c.h.s.SSLConnectionSocketFactory -  issuer principal: CN=DigiCert Global G2 TLS RSA SHA256 2020 CA1, O=DigiCert Inc, C=US
20:26:19.525 [main] DEBUG o.a.h.c.h.i.i.DefaultManagedHttpClientConnection - http-outgoing-0 set socket timeout to 3 MINUTES
20:26:19.525 [main] DEBUG o.a.h.c.h.i.i.DefaultHttpClientConnectionOperator - raw.githubusercontent.com:443 connected null->raw.githubusercontent.com/185.199.109.133:443 as http-outgoing-0
20:26:19.525 [main] DEBUG o.a.h.c.h.i.i.PoolingHttpClientConnectionManager - ep-0000000001 connected http-outgoing-0
20:26:19.525 [main] DEBUG o.a.h.c.h.i.c.InternalHttpClient - ep-0000000001 endpoint connected
20:26:19.526 [main] DEBUG o.a.h.c.h.i.classic.MainClientExec - ex-0000000001 executing GET /bonigarcia/webdrivermanager/master/src/main/resources/commands.properties HTTP/1.1
20:26:19.526 [main] DEBUG o.a.h.c.h.protocol.RequestAddCookies - ex-0000000001 Cookie spec selected: strict
20:26:19.530 [main] DEBUG o.a.h.c.h.i.c.InternalHttpClient - ep-0000000001 start execution ex-0000000001
20:26:19.530 [main] DEBUG o.a.h.c.h.i.i.PoolingHttpClientConnectionManager - ep-0000000001 executing exchange ex-0000000001 over http-outgoing-0
20:26:19.530 [main] DEBUG org.apache.hc.client5.http.headers - http-outgoing-0 >> GET /bonigarcia/webdrivermanager/master/src/main/resources/commands.properties HTTP/1.1
20:26:19.531 [main] DEBUG org.apache.hc.client5.http.headers - http-outgoing-0 >> user-agent: Apache-HttpClient/5.0
20:26:19.531 [main] DEBUG org.apache.hc.client5.http.headers - http-outgoing-0 >> accept-encoding: gzip, deflate, br
20:26:19.531 [main] DEBUG org.apache.hc.client5.http.headers - http-outgoing-0 >> cache-control: max-age=0
20:26:19.531 [main] DEBUG org.apache.hc.client5.http.headers - http-outgoing-0 >> connection: keep-alive
20:26:19.531 [main] DEBUG org.apache.hc.client5.http.headers - http-outgoing-0 >> Host: raw.githubusercontent.com
20:26:19.531 [main] DEBUG org.apache.hc.client5.http.wire - http-outgoing-0 >> "GET /bonigarcia/webdrivermanager/master/src/main/resources/commands.properties HTTP/1.1[\r][\n]"
20:26:19.531 [main] DEBUG org.apache.hc.client5.http.wire - http-outgoing-0 >> "user-agent: Apache-HttpClient/5.0[\r][\n]"
20:26:19.531 [main] DEBUG org.apache.hc.client5.http.wire - http-outgoing-0 >> "accept-encoding: gzip, deflate, br[\r][\n]"
20:26:19.531 [main] DEBUG org.apache.hc.client5.http.wire - http-outgoing-0 >> "cache-control: max-age=0[\r][\n]"
20:26:19.531 [main] DEBUG org.apache.hc.client5.http.wire - http-outgoing-0 >> "connection: keep-alive[\r][\n]"
20:26:19.531 [main] DEBUG org.apache.hc.client5.http.wire - http-outgoing-0 >> "Host: raw.githubusercontent.com[\r][\n]"
20:26:19.531 [main] DEBUG org.apache.hc.client5.http.wire - http-outgoing-0 >> "[\r][\n]"
20:26:19.545 [main] DEBUG org.apache.hc.client5.http.wire - http-outgoing-0 << "HTTP/1.1 200 OK[\r][\n]"
20:26:19.546 [main] DEBUG org.apache.hc.client5.http.wire - http-outgoing-0 << "Connection: keep-alive[\r][\n]"
20:26:19.546 [main] DEBUG org.apache.hc.client5.http.wire - http-outgoing-0 << "Content-Length: 745[\r][\n]"
20:26:19.546 [main] DEBUG org.apache.hc.client5.http.wire - http-outgoing-0 << "Cache-Control: max-age=300[\r][\n]"
20:26:19.546 [main] DEBUG org.apache.hc.client5.http.wire - http-outgoing-0 << "Content-Security-Policy: default-src 'none'; style-src 'unsafe-inline'; sandbox[\r][\n]"
20:26:19.546 [main] DEBUG org.apache.hc.client5.http.wire - http-outgoing-0 << "Content-Type: text/plain; charset=utf-8[\r][\n]"
20:26:19.546 [main] DEBUG org.apache.hc.client5.http.wire - http-outgoing-0 << "ETag: W/"dd41edff335272162022217759820159dac501cff56850e2510f504462cd9b5f"[\r][\n]"
20:26:19.546 [main] DEBUG org.apache.hc.client5.http.wire - http-outgoing-0 << "Strict-Transport-Security: max-age=31536000[\r][\n]"
20:26:19.546 [main] DEBUG org.apache.hc.client5.http.wire - http-outgoing-0 << "X-Content-Type-Options: nosniff[\r][\n]"
20:26:19.546 [main] DEBUG org.apache.hc.client5.http.wire - http-outgoing-0 << "X-Frame-Options: deny[\r][\n]"
20:26:19.546 [main] DEBUG org.apache.hc.client5.http.wire - http-outgoing-0 << "X-XSS-Protection: 1; mode=block[\r][\n]"
20:26:19.546 [main] DEBUG org.apache.hc.client5.http.wire - http-outgoing-0 << "X-GitHub-Request-Id: 81DA:3A0FD1:12BA34:173955:66C37FE8[\r][\n]"
20:26:19.546 [main] DEBUG org.apache.hc.client5.http.wire - http-outgoing-0 << "Content-Encoding: gzip[\r][\n]"
20:26:19.546 [main] DEBUG org.apache.hc.client5.http.wire - http-outgoing-0 << "Accept-Ranges: bytes[\r][\n]"
20:26:19.546 [main] DEBUG org.apache.hc.client5.http.wire - http-outgoing-0 << "Date: Sat, 31 Aug 2024 10:26:19 GMT[\r][\n]"
20:26:19.546 [main] DEBUG org.apache.hc.client5.http.wire - http-outgoing-0 << "Via: 1.1 varnish[\r][\n]"
20:26:19.546 [main] DEBUG org.apache.hc.client5.http.wire - http-outgoing-0 << "X-Served-By: cache-syd10135-SYD[\r][\n]"
20:26:19.546 [main] DEBUG org.apache.hc.client5.http.wire - http-outgoing-0 << "X-Cache: HIT[\r][\n]"
20:26:19.546 [main] DEBUG org.apache.hc.client5.http.wire - http-outgoing-0 << "X-Cache-Hits: 1[\r][\n]"
20:26:19.546 [main] DEBUG org.apache.hc.client5.http.wire - http-outgoing-0 << "X-Timer: S1725099980.582750,VS0,VE1[\r][\n]"
20:26:19.546 [main] DEBUG org.apache.hc.client5.http.wire - http-outgoing-0 << "Vary: Authorization,Accept-Encoding,Origin[\r][\n]"
20:26:19.546 [main] DEBUG org.apache.hc.client5.http.wire - http-outgoing-0 << "Access-Control-Allow-Origin: *[\r][\n]"
20:26:19.546 [main] DEBUG org.apache.hc.client5.http.wire - http-outgoing-0 << "Cross-Origin-Resource-Policy: cross-origin[\r][\n]"
20:26:19.546 [main] DEBUG org.apache.hc.client5.http.wire - http-outgoing-0 << "X-Fastly-Request-ID: e6c69c813d38a78b657a26dd59693c175f6ecc44[\r][\n]"
20:26:19.546 [main] DEBUG org.apache.hc.client5.http.wire - http-outgoing-0 << "Expires: Sat, 31 Aug 2024 10:31:19 GMT[\r][\n]"
20:26:19.546 [main] DEBUG org.apache.hc.client5.http.wire - http-outgoing-0 << "Source-Age: 24[\r][\n]"
20:26:19.546 [main] DEBUG org.apache.hc.client5.http.wire - http-outgoing-0 << "[\r][\n]"
20:26:19.547 [main] DEBUG org.apache.hc.client5.http.headers - http-outgoing-0 << HTTP/1.1 200 OK
20:26:19.548 [main] DEBUG org.apache.hc.client5.http.headers - http-outgoing-0 << Connection: keep-alive
20:26:19.548 [main] DEBUG org.apache.hc.client5.http.headers - http-outgoing-0 << Content-Length: 745
20:26:19.548 [main] DEBUG org.apache.hc.client5.http.headers - http-outgoing-0 << Cache-Control: max-age=300
20:26:19.548 [main] DEBUG org.apache.hc.client5.http.headers - http-outgoing-0 << Content-Security-Policy: default-src 'none'; style-src 'unsafe-inline'; sandbox
20:26:19.548 [main] DEBUG org.apache.hc.client5.http.headers - http-outgoing-0 << Content-Type: text/plain; charset=utf-8
20:26:19.548 [main] DEBUG org.apache.hc.client5.http.headers - http-outgoing-0 << ETag: W/"dd41edff335272162022217759820159dac501cff56850e2510f504462cd9b5f"
20:26:19.548 [main] DEBUG org.apache.hc.client5.http.headers - http-outgoing-0 << Strict-Transport-Security: max-age=31536000
20:26:19.548 [main] DEBUG org.apache.hc.client5.http.headers - http-outgoing-0 << X-Content-Type-Options: nosniff
20:26:19.548 [main] DEBUG org.apache.hc.client5.http.headers - http-outgoing-0 << X-Frame-Options: deny
20:26:19.548 [main] DEBUG org.apache.hc.client5.http.headers - http-outgoing-0 << X-XSS-Protection: 1; mode=block
20:26:19.548 [main] DEBUG org.apache.hc.client5.http.headers - http-outgoing-0 << X-GitHub-Request-Id: 81DA:3A0FD1:12BA34:173955:66C37FE8
20:26:19.548 [main] DEBUG org.apache.hc.client5.http.headers - http-outgoing-0 << Content-Encoding: gzip
20:26:19.548 [main] DEBUG org.apache.hc.client5.http.headers - http-outgoing-0 << Accept-Ranges: bytes
20:26:19.548 [main] DEBUG org.apache.hc.client5.http.headers - http-outgoing-0 << Date: Sat, 31 Aug 2024 10:26:19 GMT
20:26:19.548 [main] DEBUG org.apache.hc.client5.http.headers - http-outgoing-0 << Via: 1.1 varnish
20:26:19.548 [main] DEBUG org.apache.hc.client5.http.headers - http-outgoing-0 << X-Served-By: cache-syd10135-SYD
20:26:19.548 [main] DEBUG org.apache.hc.client5.http.headers - http-outgoing-0 << X-Cache: HIT
20:26:19.548 [main] DEBUG org.apache.hc.client5.http.headers - http-outgoing-0 << X-Cache-Hits: 1
20:26:19.548 [main] DEBUG org.apache.hc.client5.http.headers - http-outgoing-0 << X-Timer: S1725099980.582750,VS0,VE1
20:26:19.548 [main] DEBUG org.apache.hc.client5.http.headers - http-outgoing-0 << Vary: Authorization,Accept-Encoding,Origin
20:26:19.548 [main] DEBUG org.apache.hc.client5.http.headers - http-outgoing-0 << Access-Control-Allow-Origin: *
20:26:19.548 [main] DEBUG org.apache.hc.client5.http.headers - http-outgoing-0 << Cross-Origin-Resource-Policy: cross-origin
20:26:19.548 [main] DEBUG org.apache.hc.client5.http.headers - http-outgoing-0 << X-Fastly-Request-ID: e6c69c813d38a78b657a26dd59693c175f6ecc44
20:26:19.548 [main] DEBUG org.apache.hc.client5.http.headers - http-outgoing-0 << Expires: Sat, 31 Aug 2024 10:31:19 GMT
20:26:19.548 [main] DEBUG org.apache.hc.client5.http.headers - http-outgoing-0 << Source-Age: 24
20:26:19.550 [main] DEBUG o.a.h.c.h.i.classic.MainClientExec - ex-0000000001 connection can be kept alive for 3 MINUTES
20:26:19.555 [main] DEBUG org.apache.hc.client5.http.wire - http-outgoing-0 << "[0x1f][0xffffff8b][0x8][0x0][0x0][0x0][0x0][0x0][0x0][0x3][0xffffffb5]W]o[0xffffffda]0[0x14]}[0xffffffe7]W\QUj% [0x1b][0xffffffad][0xffffffa6]i[0x12][0xf]4c[0xffffffdd]4*[0x18][0xffffffb4][0xffffffdd]&[0xfffffff9][0xffffffc5]$N[0xffffffb0][0xffffff94][0xffffffd8][0xffffffc8]NJ[0xffffffb7]_?[0xffffffdb][0xfffffff9]X[0xffffff92]:[0xffffffa3]k[0xffffffe8][0x1b][0xffffffb6][0xffffffef]=[0xffffffe7][0xffffffd8][0xfffffff7][0xffffffe4][0xffffffda][0xffffff9c][0xffffff80][0xffffffcb][0xffffffe3][0x18]3_[0xffffff82][0xffffff8f][0x13][0xffffffbc][0xffffffc1][0xffffff92][0xfffffff4]N[0xffffffe0]vK%[0x4]4"[0xffffffe0]q[0xffffff96]`[0xffffffca]$$[=[0xffffffc8]C[0x13][0xe][0x1b][0x2][0xffffffe4][0xffffff91]xiB|[0xffffffa0][0xffffffcc],[0xffffffcb]-[0xffffff89]"=[0xffffffe0][0xffffffc2]'B[0x7][0xfffffff9]$!^b[0x16][0x1f][0xffffff88][0xffffff90][0xffffff94][0xffffffab][0xffffffb5][0x0][0xffffff88][0xfffffffa][0x1d][\n]"
20:26:19.555 [main] DEBUG org.apache.hc.client5.http.wire - http-outgoing-0 << "B[0x18]l[0x4][0xffffffdf]K[0xffffffb5][0xffffffa0]([0xffffffcf][0xffffffdc][0xffffffad][0xffffffe0]1[0x19][0xffffffc0]'*H[0xffffffc0][0x1f][0x7][0xffffffb0][0xffffffd8][0x11][0xffffff81][0x7]0[0xfffffff3]C5kVi[0x1a][0xffffff9f]k|[0xffffff9f][0x6][0x1][0x11][0xffffff84]%[0xffffffc0]uLBY[0x8][0xfffffff2][0xffffff97]LH,[0xffffffe1][0xffffffec];e[0xffffffbe]B[0x1d][0xffffffc0][0xffffff9c][0xffffffb2]T[0xffffffc1][0xffffffdc]`[0xf][0x16][0xffffffeb][0xfffffff3][0xffffff9e][0xffffffe2][0xffffffc8](z[0xfffffff9]6F[0xffffff9e][0x19][0xffffff8e][0xfffffff6]Y[0xffffffc2][0xffffffe8][0xffffffcd][0xffffffdb][0xffffff89][0x17][0xfffffffb]#[0xffffffb5]+p\[0xffffffd8][0xffffffc7][0xffffffd4]3Gb[0xffffff8e]a[0xffffffbf]U|[0xffffffc0]pL&[0xfffffffd][0xffffffd3][0xffffffe5]jq[0xffffffbd][0xffffff9a][0xffffffde]|[0xfffffffa]2[0xffffff9f][0xffffffad]?[0xffffffa0][0x9]B[0xffffffa7][0x8]]s[0x1e]F[0x4][0xffffffa1][0xffffff8c][0x2][0xffffffa1][0xffffffe9]n[0x17]QOI[0xffffffe3][0xc][0xffffffa1][0xffffff9c]H![0xfffffff7]!$[0x9][0xffffffdc][0xffffffe7]g[0xffffffe1]<[0xffffffe0](m[0xffffffd7]3~[0xffffff81][0xffffff9e][0xffffffb3][0x1f][0xffffffef][0xffffffdf][0xffffff9d][0xffffffbf][0xffffffa6][0xffffffa8][0xffffff8b]g[0xffffff8a][0xffffff9a]/[0xffffffdc][0xffffffe9]|[0xffffffba]\~[0xffffff9c][0xffffffde]N_S[0xffffffcf][0xffffffe5]d5[0xffffffbb][0xffffff86]ow[0xffffffb3][0xffffffd5]O[0xfffffff8][0xfffffffc][0xffffffd5][0xffffffbd]Ck[0x1e]${,H[0xffffffc1][0xffffff96][0xffffff93]][0xffffffcd][0xffffffaf][0x8][0xfffffff6][0xc]^[0xffffffe1][0xffffffc5]^[0x13]4[0xffffffd2][0xffffff8e][0xffffffd1]>pR)[0xffffff9c][\r]eNh0[0xffffff86][0xffffffd9]:[0xc][0xffffff87]E[0xffffffa6]=q<i[0xffffff8b]o&[0xffffffc4][0xffffffd8]3<[0xffffff95][0x13][0xffffff90]N&8w[0xffffffe9][0x8][0xffffffef]v[0xffffff8e][0xffffffab][0xffffffbe]>es[0xffffffe9]([0x13]/[0xffffffd6][0xfffffff5][0xffffff80]*[0xffffffba][0xfffffff2]v[0xfffffffe][0xffffffd9][0xffffff94]DA6>[0xffffff8e][0xffffffbb]o[0xfffffff8]o[0x1a]E[0xffffffb8] A[0xffffffa8]@?T[0xffffffad]'*:{[0xfffffffa]xR.*[0xffffffce][0xffffffe9][0xffffffd7][0xffffffad][0xffffff93][0xffffff93]4[0xffffffc9][0xfffffffa][0xffffffda]<n*t[0xffffffeb][0xffffffb9]oV[0xffffffb6][0xffffffc0]/M[0xffffff94]O[0xffffffc0][0xfffffff0][0xffffffe1]i[0xffffff90][0xffffffb5][0xfffffffe]9[0xffffff8b][0xffffffad][0xfffffff2]U,Ul[0xffffffdd][0x13]KL[0xffffffa2][0x6][0xffffffdd][0xffffffca]\?`[0xffffffea][0x9].[0xffffffd5]I [0xffffffa4]i[0x1a]_i,[\r][0xffffffdd][0xffffffa1][0xffffffc3][0xffffffae]kzI[0xffffffd1]_Q[0xffffffce]Ek[0xffffffcb][0xfffffff8]Kf[0xffffffb8][0xfffffffe][0xffffffd9]3[0xc][0xffffffe6][0xffffffd3][0xffffff8e][0x11][0x17][0x10]C[0x1d]`i[0x19][0xffffffd5][0xffffffbc][0xfffffff1][0xffffffa4]5[0xffffffbc][0x1e]o[0xfffffff5]K[0xffffffa9][0xffffffd6][0xfffffff8][0xffffffc1]f[0xffffff9b]z[0x4][0xffffffd4][0x1a][0xffffff86][0xffffffb9]^K[0x16]s[0xffffff91][0xfffffffe][0xffffffbf][0xffffff8b]l]~)x(p,[0x11]2[0x14][0x8]E8e[0xffffff9e][0xffffffca]:X[0xffffffa6][0xffffff86][0xffffff88].[0xffffffb6]9[0xffffff9a][0xffffff88].[0xfffffff7]]G[0xffffffea][0xffffffcb][0xe][0xfffffffb][0x7f].u[0xffffff83][0xffffffbb][0xfffffff4][0xffffffb3][0x19][0xffffffda][0xffffffec][0xffffff98][0xffffffc5]Y[0xfffffffd]h8m6\4[0xffffffc1][0xffffff8a][0xffffffb7][0xffffff98]z[0xffffffd0][0xffffffd5]oF5q[0x1c][0x13][0x16][0xfffffff0][0x1d][0x1e][0x19]5-[0xffffff9d][0xffffffef][0xffffffad]c[0xb]z[0xffffffae]/m[0xffffffe6]8[0xffffffb6][0xffffff96][0xfffffff6]7X[0xffffffc9]t[0xfffffff8][0xfffffff9][0xffffffa5][0x11]K[0xfffffffb][0x15]3[0xffffffc3][0xfffffffc][0x1f]B[0xffffffdb][0xffffffd3][0xffffffab][0xffffff92]4.[0xffffff93]Z[0xffffffdf]]:[0xffffffda][0xffffffea][0xffffffdc]B[0xffffffa6][0xffffffcd][0xffffffbc][0xffffffae][0x5][0xfffffff5][0x4][0xffffffd6]8[0xffffffc0][0xffffff82][0xffffff96][0xfffffff0][0xffffffd2][0xc][0xffffffed][0xffffffe0]Y[0xffffffa8][\r]:[[0xffffffa9][0x0][0xffffffff][0x1][0xfffffff8][0x15][0xffffffb4][0xffffffee][0xffffff8e][\r][0x0][0x0]"
20:26:19.557 [main] DEBUG o.a.h.c.h.i.c.InternalHttpClient - ep-0000000001 releasing valid endpoint
20:26:19.557 [main] DEBUG o.a.h.c.h.i.i.PoolingHttpClientConnectionManager - ep-0000000001 releasing endpoint
20:26:19.557 [main] DEBUG o.a.h.c.h.i.i.PoolingHttpClientConnectionManager - ep-0000000001 connection http-outgoing-0 can be kept alive for 3 MINUTES
20:26:19.558 [main] DEBUG o.a.h.c.h.i.i.PoolingHttpClientConnectionManager - ep-0000000001 connection released [route: {s}->https://raw.githubusercontent.com:443][total available: 1; route allocated: 1 of 5; total allocated: 1 of 25]
20:26:19.558 [main] DEBUG i.g.b.wdm.versions.VersionDetector - Detecting chrome version using online commands.properties
20:26:19.560 [main] DEBUG i.g.bonigarcia.wdm.versions.Shell - Running command on the shell: [/Applications/Google Chrome.app/Contents/MacOS/Google Chrome, --version]
20:26:19.695 [main] DEBUG i.g.bonigarcia.wdm.versions.Shell - Result: Google Chrome 128.0.6613.86
20:26:19.696 [main] DEBUG i.g.b.wdm.cache.ResolutionCache - Resolution chrome128=128.0.6613.86 in cache (valid until 21:59:05 31/08/2024 AEST)
20:26:19.696 [main] INFO  i.g.bonigarcia.wdm.WebDriverManager - Using chromedriver 128.0.6613.86 (resolved driver for Chrome 128)
20:26:19.698 [main] DEBUG i.g.b.wdm.cache.ResolutionCache - Storing resolution chrome=128 in cache (valid until 21:26:19 31/08/2024 AEST)
20:26:19.706 [main] DEBUG i.g.bonigarcia.wdm.WebDriverManager - Driver chromedriver 128.0.6613.86 found in cache
20:26:19.706 [main] INFO  i.g.bonigarcia.wdm.WebDriverManager - Exporting webdriver.chrome.driver as /Users/Suganya/.cache/selenium/chromedriver/mac-arm64/128.0.6613.86/chromedriver
